<?xml version="1.0" encoding="UTF-8"?>
<!-- Generated by org.testng.reporters.JUnitReportReporter -->
<testsuite hostname="DESKTOP-6064CKU" failures="0" tests="6" name="api.test.DDTests" time="16.337" errors="0" timestamp="2023-12-06T21:29:44 IST" skipped="0">
  <testcase classname="api.test.DDTests" name="testPostuser" time="2.167"/>
  <system-out/>
  <testcase classname="api.test.DDTests" name="testPostuser" time="2.673"/>
  <system-out/>
  <testcase classname="api.test.DDTests" name="testPostuser" time="5.413"/>
  <system-out/>
  <testcase classname="api.test.DDTests" name="testDeleteUserByName" time="1.803"/>
  <system-out/>
  <testcase classname="api.test.DDTests" name="testDeleteUserByName" time="2.409"/>
  <system-out/>
  <testcase classname="api.test.DDTests" name="testDeleteUserByName" time="1.872"/>
  <system-out/>
</testsuite> <!-- api.test.DDTests -->
