<?xml version="1.0" encoding="UTF-8"?>
<!-- Generated by org.testng.reporters.JUnitReportReporter -->
<testsuite hostname="DESKTOP-6064CKU" failures="0" tests="4" name="api.test.UserTests" time="19.670" errors="0" timestamp="2023-12-06T21:34:22 IST" skipped="0">
  <testcase classname="api.test.UserTests" name="testPostUser" time="6.622"/>
  <system-out/>
  <testcase classname="api.test.UserTests" name="testGetUsername" time="2.697"/>
  <system-out/>
  <testcase classname="api.test.UserTests" name="testUpdateUsername" time="6.172"/>
  <system-out/>
  <testcase classname="api.test.UserTests" name="testDeleteUser" time="4.179"/>
  <system-out/>
</testsuite> <!-- api.test.UserTests -->
