<?xml version="1.0" encoding="UTF-8"?>
<!-- Generated by org.testng.reporters.JUnitReportReporter -->
<testsuite hostname="DESKTOP-6064CKU" failures="0" tests="4" name="api.test.UserTests" time="22.846" errors="0" timestamp="2023-12-06T22:20:04 IST" skipped="0">
  <testcase classname="api.test.UserTests" name="testPostUser" time="9.966"/>
  <system-out/>
  <testcase classname="api.test.UserTests" name="testGetUsername" time="5.264"/>
  <system-out/>
  <testcase classname="api.test.UserTests" name="testUpdateUsername" time="5.311"/>
  <system-out/>
  <testcase classname="api.test.UserTests" name="testDeleteUser" time="2.305"/>
  <system-out/>
</testsuite> <!-- api.test.UserTests -->
