<?xml version="1.0" encoding="UTF-8"?>
<!-- Generated by org.testng.reporters.JUnitReportReporter -->
<testsuite hostname="DESKTOP-6064CKU" failures="0" tests="4" name="api.test.UserTests2" time="13.068" errors="0" timestamp="2023-12-07T05:47:19 IST" skipped="0">
  <testcase classname="api.test.UserTests2" name="testPostUser" time="5.927"/>
  <system-out/>
  <testcase classname="api.test.UserTests2" name="testGetUsername" time="1.772"/>
  <system-out/>
  <testcase classname="api.test.UserTests2" name="testUpdateUsername" time="3.633"/>
  <system-out/>
  <testcase classname="api.test.UserTests2" name="testDeleteUser" time="1.736"/>
  <system-out/>
</testsuite> <!-- api.test.UserTests2 -->
